<?xml version="1.0" encoding="UTF-8"?>
<testng-results ignored="0" total="4" passed="1" failed="3" skipped="0">
  <reporter-output>
  </reporter-output>
  <suite started-at="2025-07-03T10:17:40 IST" name="Suite" finished-at="2025-07-03T10:18:11 IST" duration-ms="30780">
    <groups>
      <group name="regression">
        <method signature="LoginTest.TC001_LoginWithValidCredentials()[pri:1, instance:com.parabankautomation.testcases.LoginTest@7e057f43]" name="TC001_LoginWithValidCredentials" class="com.parabankautomation.testcases.LoginTest"/>
        <method signature="LoginTest.TC002_LoginWithValidusernameInvalidPassword()[pri:1, instance:com.parabankautomation.testcases.LoginTest@7e057f43]" name="TC002_LoginWithValidusernameInvalidPassword" class="com.parabankautomation.testcases.LoginTest"/>
        <method signature="AccountServices.TC003_VerifyDefaultAmount(java.lang.String)[pri:3, instance:com.parabankautomation.testcases.AccountServices@1c5920df]" name="TC003_VerifyDefaultAmount" class="com.parabankautomation.testcases.AccountServices"/>
        <method signature="AccountServices.TC004_VerifyUpdateContactInfo(java.lang.String,java.lang.String,java.lang.String)[pri:4, instance:com.parabankautomation.testcases.AccountServices@1c5920df]" name="TC004_VerifyUpdateContactInfo" class="com.parabankautomation.testcases.AccountServices"/>
      </group> <!-- regression -->
      <group name="smoke">
        <method signature="LoginTest.TC001_LoginWithValidCredentials()[pri:1, instance:com.parabankautomation.testcases.LoginTest@7e057f43]" name="TC001_LoginWithValidCredentials" class="com.parabankautomation.testcases.LoginTest"/>
        <method signature="AccountServices.TC003_VerifyDefaultAmount(java.lang.String)[pri:3, instance:com.parabankautomation.testcases.AccountServices@1c5920df]" name="TC003_VerifyDefaultAmount" class="com.parabankautomation.testcases.AccountServices"/>
      </group> <!-- smoke -->
    </groups>
    <test started-at="2025-07-03T10:17:40 IST" name="Test" finished-at="2025-07-03T10:18:11 IST" duration-ms="30780">
      <class name="com.parabankautomation.testcases.AccountServices">
        <test-method is-config="true" signature="Setup(org.testng.ITestContext)[pri:0, instance:com.parabankautomation.testcases.AccountServices@1c5920df]" started-at="2025-07-03T10:17:42 IST" name="Setup" finished-at="2025-07-03T10:17:56 IST" duration-ms="13880" status="PASS">
          <params>
            <param index="0">
              <value>
                <![CDATA[org.testng.TestRunner@1bc53649]]>
              </value>
            </param>
          </params>
          <reporter-output>
          </reporter-output>
        </test-method> <!-- Setup -->
        <test-method is-config="true" signature="Setup(org.testng.ITestContext)[pri:0, instance:com.parabankautomation.testcases.AccountServices@1c5920df]" started-at="2025-07-03T10:17:56 IST" name="Setup" finished-at="2025-07-03T10:18:05 IST" duration-ms="9104" status="PASS">
          <params>
            <param index="0">
              <value>
                <![CDATA[org.testng.TestRunner@1bc53649]]>
              </value>
            </param>
          </params>
          <reporter-output>
          </reporter-output>
        </test-method> <!-- Setup -->
        <test-method signature="TC003_VerifyDefaultAmount(java.lang.String)[pri:3, instance:com.parabankautomation.testcases.AccountServices@1c5920df]" started-at="2025-07-03T10:17:56 IST" name="TC003_VerifyDefaultAmount" data-provider="TestData_TC003" finished-at="2025-07-03T10:18:02 IST" duration-ms="6064" status="FAIL">
          <params>
            <param index="0">
              <value>
                <![CDATA[$515.50]]>
              </value>
            </param>
          </params>
          <exception class="org.openqa.selenium.NoSuchElementException">
            <message>
              <![CDATA[no such element: Unable to locate element: {"method":"xpath","selector":"((//tbody//tr)[last()]//td)[2]//b"}
  (Session info: chrome=137.0.7151.104)
For documentation on this error, please visit: https://www.selenium.dev/documentation/webdriver/troubleshooting/errors#no-such-element-exception
Build info: version: '4.20.0', revision: '866c76ca80'
System info: os.name: 'Windows 11', os.arch: 'amd64', os.version: '10.0', java.version: '11.0.20'
Driver info: org.openqa.selenium.chrome.ChromeDriver
Command: [12902a62369f3c5f622bb8c9a7dbd5d8, findElement {using=xpath, value=((//tbody//tr)[last()]//td)[2]//b}]
Capabilities {acceptInsecureCerts: false, browserName: chrome, browserVersion: 137.0.7151.104, chrome: {chromedriverVersion: 137.0.7151.119 (e0ac9d12dff..., userDataDir: C:\Users\Satee\AppData\Loca...}, fedcm:accounts: true, goog:chromeOptions: {debuggerAddress: localhost:62377}, networkConnectionEnabled: false, pageLoadStrategy: normal, platformName: windows, proxy: Proxy(), se:cdp: ws://localhost:62377/devtoo..., se:cdpVersion: 137.0.7151.104, setWindowRect: true, strictFileInteractability: false, timeouts: {implicit: 0, pageLoad: 300000, script: 30000}, unhandledPromptBehavior: dismiss and notify, webauthn:extension:credBlob: true, webauthn:extension:largeBlob: true, webauthn:extension:minPinLength: true, webauthn:extension:prf: true, webauthn:virtualAuthenticators: true}
Session ID: 12902a62369f3c5f622bb8c9a7dbd5d8]]>
            </message>
            <full-stacktrace>
              <![CDATA[org.openqa.selenium.NoSuchElementException: no such element: Unable to locate element: {"method":"xpath","selector":"((//tbody//tr)[last()]//td)[2]//b"}
  (Session info: chrome=137.0.7151.104)
For documentation on this error, please visit: https://www.selenium.dev/documentation/webdriver/troubleshooting/errors#no-such-element-exception
Build info: version: '4.20.0', revision: '866c76ca80'
System info: os.name: 'Windows 11', os.arch: 'amd64', os.version: '10.0', java.version: '11.0.20'
Driver info: org.openqa.selenium.chrome.ChromeDriver
Command: [12902a62369f3c5f622bb8c9a7dbd5d8, findElement {using=xpath, value=((//tbody//tr)[last()]//td)[2]//b}]
Capabilities {acceptInsecureCerts: false, browserName: chrome, browserVersion: 137.0.7151.104, chrome: {chromedriverVersion: 137.0.7151.119 (e0ac9d12dff..., userDataDir: C:\Users\Satee\AppData\Loca...}, fedcm:accounts: true, goog:chromeOptions: {debuggerAddress: localhost:62377}, networkConnectionEnabled: false, pageLoadStrategy: normal, platformName: windows, proxy: Proxy(), se:cdp: ws://localhost:62377/devtoo..., se:cdpVersion: 137.0.7151.104, setWindowRect: true, strictFileInteractability: false, timeouts: {implicit: 0, pageLoad: 300000, script: 30000}, unhandledPromptBehavior: dismiss and notify, webauthn:extension:credBlob: true, webauthn:extension:largeBlob: true, webauthn:extension:minPinLength: true, webauthn:extension:prf: true, webauthn:virtualAuthenticators: true}
Session ID: 12902a62369f3c5f622bb8c9a7dbd5d8
at java.base/jdk.internal.reflect.NativeConstructorAccessorImpl.newInstance0(Native Method)
at java.base/jdk.internal.reflect.NativeConstructorAccessorImpl.newInstance(NativeConstructorAccessorImpl.java:62)
at java.base/jdk.internal.reflect.DelegatingConstructorAccessorImpl.newInstance(DelegatingConstructorAccessorImpl.java:45)
at java.base/java.lang.reflect.Constructor.newInstance(Constructor.java:490)
at org.openqa.selenium.remote.ErrorCodec.decode(ErrorCodec.java:167)
at org.openqa.selenium.remote.codec.w3c.W3CHttpResponseCodec.decode(W3CHttpResponseCodec.java:138)
at org.openqa.selenium.remote.codec.w3c.W3CHttpResponseCodec.decode(W3CHttpResponseCodec.java:50)
at org.openqa.selenium.remote.HttpCommandExecutor.execute(HttpCommandExecutor.java:190)
at org.openqa.selenium.remote.service.DriverCommandExecutor.invokeExecute(DriverCommandExecutor.java:216)
at org.openqa.selenium.remote.service.DriverCommandExecutor.execute(DriverCommandExecutor.java:174)
at org.openqa.selenium.remote.RemoteWebDriver.execute(RemoteWebDriver.java:518)
at org.openqa.selenium.remote.ElementLocation$ElementFinder$2.findElement(ElementLocation.java:165)
at org.openqa.selenium.remote.ElementLocation.findElement(ElementLocation.java:59)
at org.openqa.selenium.remote.RemoteWebDriver.findElement(RemoteWebDriver.java:355)
at org.openqa.selenium.remote.RemoteWebDriver.findElement(RemoteWebDriver.java:349)
at org.openqa.selenium.support.pagefactory.DefaultElementLocator.findElement(DefaultElementLocator.java:68)
at org.openqa.selenium.support.pagefactory.internal.LocatingElementHandler.invoke(LocatingElementHandler.java:38)
at com.sun.proxy.$Proxy15.getText(Unknown Source)
at com.parabankautomation.commands.UiActions.GetText(UiActions.java:28)
at com.parabankautomation.pages.AccountServicesPage.VerifyDefaultAmount(AccountServicesPage.java:49)
at com.parabankautomation.testcases.AccountServices.TC003_VerifyDefaultAmount(AccountServices.java:24)
at java.base/jdk.internal.reflect.NativeMethodAccessorImpl.invoke0(Native Method)
at java.base/jdk.internal.reflect.NativeMethodAccessorImpl.invoke(NativeMethodAccessorImpl.java:62)
at java.base/jdk.internal.reflect.DelegatingMethodAccessorImpl.invoke(DelegatingMethodAccessorImpl.java:43)
at java.base/java.lang.reflect.Method.invoke(Method.java:566)
at org.testng.internal.invokers.MethodInvocationHelper.invokeMethod(MethodInvocationHelper.java:139)
at org.testng.internal.invokers.TestInvoker.invokeMethod(TestInvoker.java:664)
at org.testng.internal.invokers.TestInvoker.invokeTestMethod(TestInvoker.java:227)
at org.testng.internal.invokers.MethodRunner.runInSequence(MethodRunner.java:50)
at org.testng.internal.invokers.TestInvoker$MethodInvocationAgent.invoke(TestInvoker.java:957)
at org.testng.internal.invokers.TestInvoker.invokeTestMethods(TestInvoker.java:200)
at org.testng.internal.invokers.TestMethodWorker.invokeTestMethods(TestMethodWorker.java:148)
at org.testng.internal.invokers.TestMethodWorker.run(TestMethodWorker.java:128)
at java.base/java.util.concurrent.ThreadPoolExecutor.runWorker(ThreadPoolExecutor.java:1128)
at java.base/java.util.concurrent.ThreadPoolExecutor$Worker.run(ThreadPoolExecutor.java:628)
at java.base/java.lang.Thread.run(Thread.java:834)
]]>
            </full-stacktrace>
          </exception> <!-- org.openqa.selenium.NoSuchElementException -->
          <reporter-output>
          </reporter-output>
        </test-method> <!-- TC003_VerifyDefaultAmount -->
        <test-method is-config="true" signature="TearDown()[pri:0, instance:com.parabankautomation.testcases.AccountServices@1c5920df]" started-at="2025-07-03T10:18:03 IST" name="TearDown" finished-at="2025-07-03T10:18:03 IST" duration-ms="336" status="PASS">
          <reporter-output>
          </reporter-output>
        </test-method> <!-- TearDown -->
        <test-method signature="TC004_VerifyUpdateContactInfo(java.lang.String,java.lang.String,java.lang.String)[pri:4, instance:com.parabankautomation.testcases.AccountServices@1c5920df]" started-at="2025-07-03T10:18:05 IST" name="TC004_VerifyUpdateContactInfo" data-provider="TestData_TC004" finished-at="2025-07-03T10:18:10 IST" duration-ms="5355" status="FAIL">
          <params>
            <param index="0">
              <value>
                <![CDATA[HitechCity]]>
              </value>
            </param>
            <param index="1">
              <value>
                <![CDATA[Profile Updated]]>
              </value>
            </param>
            <param index="2">
              <value>
                <![CDATA[Hyderabad]]>
              </value>
            </param>
          </params>
          <exception class="org.openqa.selenium.NoSuchElementException">
            <message>
              <![CDATA[no such element: Unable to locate element: {"method":"xpath","selector":"//a[text()='Update Contact Info']"}
  (Session info: chrome=137.0.7151.104)
For documentation on this error, please visit: https://www.selenium.dev/documentation/webdriver/troubleshooting/errors#no-such-element-exception
Build info: version: '4.20.0', revision: '866c76ca80'
System info: os.name: 'Windows 11', os.arch: 'amd64', os.version: '10.0', java.version: '11.0.20'
Driver info: org.openqa.selenium.chrome.ChromeDriver
Command: [0a1c70c64818faf792cdccf53195fb04, findElement {using=xpath, value=//a[text()='Update Contact Info']}]
Capabilities {acceptInsecureCerts: false, browserName: chrome, browserVersion: 137.0.7151.104, chrome: {chromedriverVersion: 137.0.7151.119 (e0ac9d12dff..., userDataDir: C:\Users\Satee\AppData\Loca...}, fedcm:accounts: true, goog:chromeOptions: {debuggerAddress: localhost:62453}, networkConnectionEnabled: false, pageLoadStrategy: normal, platformName: windows, proxy: Proxy(), se:cdp: ws://localhost:62453/devtoo..., se:cdpVersion: 137.0.7151.104, setWindowRect: true, strictFileInteractability: false, timeouts: {implicit: 0, pageLoad: 300000, script: 30000}, unhandledPromptBehavior: dismiss and notify, webauthn:extension:credBlob: true, webauthn:extension:largeBlob: true, webauthn:extension:minPinLength: true, webauthn:extension:prf: true, webauthn:virtualAuthenticators: true}
Session ID: 0a1c70c64818faf792cdccf53195fb04]]>
            </message>
            <full-stacktrace>
              <![CDATA[org.openqa.selenium.NoSuchElementException: no such element: Unable to locate element: {"method":"xpath","selector":"//a[text()='Update Contact Info']"}
  (Session info: chrome=137.0.7151.104)
For documentation on this error, please visit: https://www.selenium.dev/documentation/webdriver/troubleshooting/errors#no-such-element-exception
Build info: version: '4.20.0', revision: '866c76ca80'
System info: os.name: 'Windows 11', os.arch: 'amd64', os.version: '10.0', java.version: '11.0.20'
Driver info: org.openqa.selenium.chrome.ChromeDriver
Command: [0a1c70c64818faf792cdccf53195fb04, findElement {using=xpath, value=//a[text()='Update Contact Info']}]
Capabilities {acceptInsecureCerts: false, browserName: chrome, browserVersion: 137.0.7151.104, chrome: {chromedriverVersion: 137.0.7151.119 (e0ac9d12dff..., userDataDir: C:\Users\Satee\AppData\Loca...}, fedcm:accounts: true, goog:chromeOptions: {debuggerAddress: localhost:62453}, networkConnectionEnabled: false, pageLoadStrategy: normal, platformName: windows, proxy: Proxy(), se:cdp: ws://localhost:62453/devtoo..., se:cdpVersion: 137.0.7151.104, setWindowRect: true, strictFileInteractability: false, timeouts: {implicit: 0, pageLoad: 300000, script: 30000}, unhandledPromptBehavior: dismiss and notify, webauthn:extension:credBlob: true, webauthn:extension:largeBlob: true, webauthn:extension:minPinLength: true, webauthn:extension:prf: true, webauthn:virtualAuthenticators: true}
Session ID: 0a1c70c64818faf792cdccf53195fb04
at java.base/jdk.internal.reflect.NativeConstructorAccessorImpl.newInstance0(Native Method)
at java.base/jdk.internal.reflect.NativeConstructorAccessorImpl.newInstance(NativeConstructorAccessorImpl.java:62)
at java.base/jdk.internal.reflect.DelegatingConstructorAccessorImpl.newInstance(DelegatingConstructorAccessorImpl.java:45)
at java.base/java.lang.reflect.Constructor.newInstance(Constructor.java:490)
at org.openqa.selenium.remote.ErrorCodec.decode(ErrorCodec.java:167)
at org.openqa.selenium.remote.codec.w3c.W3CHttpResponseCodec.decode(W3CHttpResponseCodec.java:138)
at org.openqa.selenium.remote.codec.w3c.W3CHttpResponseCodec.decode(W3CHttpResponseCodec.java:50)
at org.openqa.selenium.remote.HttpCommandExecutor.execute(HttpCommandExecutor.java:190)
at org.openqa.selenium.remote.service.DriverCommandExecutor.invokeExecute(DriverCommandExecutor.java:216)
at org.openqa.selenium.remote.service.DriverCommandExecutor.execute(DriverCommandExecutor.java:174)
at org.openqa.selenium.remote.RemoteWebDriver.execute(RemoteWebDriver.java:518)
at org.openqa.selenium.remote.ElementLocation$ElementFinder$2.findElement(ElementLocation.java:165)
at org.openqa.selenium.remote.ElementLocation.findElement(ElementLocation.java:59)
at org.openqa.selenium.remote.RemoteWebDriver.findElement(RemoteWebDriver.java:355)
at org.openqa.selenium.remote.RemoteWebDriver.findElement(RemoteWebDriver.java:349)
at org.openqa.selenium.support.pagefactory.DefaultElementLocator.findElement(DefaultElementLocator.java:68)
at org.openqa.selenium.support.pagefactory.internal.LocatingElementHandler.invoke(LocatingElementHandler.java:38)
at com.sun.proxy.$Proxy15.click(Unknown Source)
at com.parabankautomation.commands.UiActions.Click(UiActions.java:24)
at com.parabankautomation.pages.AccountServicesPage.VerifyUpdateContactInfo(AccountServicesPage.java:58)
at com.parabankautomation.testcases.AccountServices.TC004_VerifyUpdateContactInfo(AccountServices.java:35)
at java.base/jdk.internal.reflect.NativeMethodAccessorImpl.invoke0(Native Method)
at java.base/jdk.internal.reflect.NativeMethodAccessorImpl.invoke(NativeMethodAccessorImpl.java:62)
at java.base/jdk.internal.reflect.DelegatingMethodAccessorImpl.invoke(DelegatingMethodAccessorImpl.java:43)
at java.base/java.lang.reflect.Method.invoke(Method.java:566)
at org.testng.internal.invokers.MethodInvocationHelper.invokeMethod(MethodInvocationHelper.java:139)
at org.testng.internal.invokers.TestInvoker.invokeMethod(TestInvoker.java:664)
at org.testng.internal.invokers.TestInvoker.invokeTestMethod(TestInvoker.java:227)
at org.testng.internal.invokers.MethodRunner.runInSequence(MethodRunner.java:50)
at org.testng.internal.invokers.TestInvoker$MethodInvocationAgent.invoke(TestInvoker.java:957)
at org.testng.internal.invokers.TestInvoker.invokeTestMethods(TestInvoker.java:200)
at org.testng.internal.invokers.TestMethodWorker.invokeTestMethods(TestMethodWorker.java:148)
at org.testng.internal.invokers.TestMethodWorker.run(TestMethodWorker.java:128)
at java.base/java.util.concurrent.ThreadPoolExecutor.runWorker(ThreadPoolExecutor.java:1128)
at java.base/java.util.concurrent.ThreadPoolExecutor$Worker.run(ThreadPoolExecutor.java:628)
at java.base/java.lang.Thread.run(Thread.java:834)
]]>
            </full-stacktrace>
          </exception> <!-- org.openqa.selenium.NoSuchElementException -->
          <reporter-output>
          </reporter-output>
        </test-method> <!-- TC004_VerifyUpdateContactInfo -->
        <test-method is-config="true" signature="TearDown()[pri:0, instance:com.parabankautomation.testcases.AccountServices@1c5920df]" started-at="2025-07-03T10:18:10 IST" name="TearDown" finished-at="2025-07-03T10:18:11 IST" duration-ms="323" status="PASS">
          <reporter-output>
          </reporter-output>
        </test-method> <!-- TearDown -->
      </class> <!-- com.parabankautomation.testcases.AccountServices -->
      <class name="com.parabankautomation.testcases.LoginTest">
        <test-method is-config="true" signature="Setup(org.testng.ITestContext)[pri:0, instance:com.parabankautomation.testcases.LoginTest@7e057f43]" started-at="2025-07-03T10:17:40 IST" name="Setup" finished-at="2025-07-03T10:17:54 IST" duration-ms="13437" status="PASS">
          <params>
            <param index="0">
              <value>
                <![CDATA[org.testng.TestRunner@1bc53649]]>
              </value>
            </param>
          </params>
          <reporter-output>
          </reporter-output>
        </test-method> <!-- Setup -->
        <test-method is-config="true" signature="Setup(org.testng.ITestContext)[pri:0, instance:com.parabankautomation.testcases.LoginTest@7e057f43]" started-at="2025-07-03T10:17:40 IST" name="Setup" finished-at="2025-07-03T10:17:56 IST" duration-ms="15812" status="PASS">
          <params>
            <param index="0">
              <value>
                <![CDATA[org.testng.TestRunner@1bc53649]]>
              </value>
            </param>
          </params>
          <reporter-output>
          </reporter-output>
        </test-method> <!-- Setup -->
        <test-method signature="TC002_LoginWithValidusernameInvalidPassword()[pri:1, instance:com.parabankautomation.testcases.LoginTest@7e057f43]" started-at="2025-07-03T10:17:54 IST" name="TC002_LoginWithValidusernameInvalidPassword" finished-at="2025-07-03T10:17:55 IST" duration-ms="1218" status="PASS">
          <reporter-output>
          </reporter-output>
        </test-method> <!-- TC002_LoginWithValidusernameInvalidPassword -->
        <test-method is-config="true" signature="TearDown()[pri:0, instance:com.parabankautomation.testcases.LoginTest@7e057f43]" started-at="2025-07-03T10:17:55 IST" name="TearDown" finished-at="2025-07-03T10:17:56 IST" duration-ms="655" status="PASS">
          <reporter-output>
          </reporter-output>
        </test-method> <!-- TearDown -->
        <test-method signature="TC001_LoginWithValidCredentials()[pri:1, instance:com.parabankautomation.testcases.LoginTest@7e057f43]" started-at="2025-07-03T10:17:56 IST" name="TC001_LoginWithValidCredentials" finished-at="2025-07-03T10:17:58 IST" duration-ms="2227" status="FAIL">
          <exception class="java.lang.AssertionError">
            <message>
              <![CDATA[expected [ParaBank | Accounts Overview] but found [ParaBank | Error]]]>
            </message>
            <full-stacktrace>
              <![CDATA[java.lang.AssertionError: expected [ParaBank | Accounts Overview] but found [ParaBank | Error]
at org.testng.Assert.fail(Assert.java:111)
at org.testng.Assert.failNotEquals(Assert.java:1578)
at org.testng.Assert.assertEqualsImpl(Assert.java:150)
at org.testng.Assert.assertEquals(Assert.java:132)
at org.testng.Assert.assertEquals(Assert.java:656)
at org.testng.Assert.assertEquals(Assert.java:666)
at com.parabankautomation.helpers.UiHelpers.CompareStrings(UiHelpers.java:8)
at com.parabankautomation.pages.LoginPage.LoginWithValidCredentialsAndVerifyTitle(LoginPage.java:71)
at com.parabankautomation.testcases.LoginTest.TC001_LoginWithValidCredentials(LoginTest.java:22)
at java.base/jdk.internal.reflect.NativeMethodAccessorImpl.invoke0(Native Method)
at java.base/jdk.internal.reflect.NativeMethodAccessorImpl.invoke(NativeMethodAccessorImpl.java:62)
at java.base/jdk.internal.reflect.DelegatingMethodAccessorImpl.invoke(DelegatingMethodAccessorImpl.java:43)
at java.base/java.lang.reflect.Method.invoke(Method.java:566)
at org.testng.internal.invokers.MethodInvocationHelper.invokeMethod(MethodInvocationHelper.java:139)
at org.testng.internal.invokers.TestInvoker.invokeMethod(TestInvoker.java:664)
at org.testng.internal.invokers.TestInvoker.invokeTestMethod(TestInvoker.java:227)
at org.testng.internal.invokers.MethodRunner.runInSequence(MethodRunner.java:50)
at org.testng.internal.invokers.TestInvoker$MethodInvocationAgent.invoke(TestInvoker.java:957)
at org.testng.internal.invokers.TestInvoker.invokeTestMethods(TestInvoker.java:200)
at org.testng.internal.invokers.TestMethodWorker.invokeTestMethods(TestMethodWorker.java:148)
at org.testng.internal.invokers.TestMethodWorker.run(TestMethodWorker.java:128)
at java.base/java.util.concurrent.ThreadPoolExecutor.runWorker(ThreadPoolExecutor.java:1128)
at java.base/java.util.concurrent.ThreadPoolExecutor$Worker.run(ThreadPoolExecutor.java:628)
at java.base/java.lang.Thread.run(Thread.java:834)
]]>
            </full-stacktrace>
          </exception> <!-- java.lang.AssertionError -->
          <reporter-output>
          </reporter-output>
        </test-method> <!-- TC001_LoginWithValidCredentials -->
        <test-method is-config="true" signature="TearDown()[pri:0, instance:com.parabankautomation.testcases.LoginTest@7e057f43]" started-at="2025-07-03T10:17:59 IST" name="TearDown" finished-at="2025-07-03T10:18:00 IST" duration-ms="1119" status="PASS">
          <reporter-output>
          </reporter-output>
        </test-method> <!-- TearDown -->
      </class> <!-- com.parabankautomation.testcases.LoginTest -->
    </test> <!-- Test -->
  </suite> <!-- Suite -->
</testng-results>
